<html>
<head>
<title>TestNG:  C:/Users/Rahul/Intellij/RiverIsland/src/test/java/CartModule/testcases</title>
<link href="../testng.css" rel="stylesheet" type="text/css" />
<link href="../my-testng.css" rel="stylesheet" type="text/css" />

<style type="text/css">
.log { display: none;} 
.stack-trace { display: none;} 
</style>
<script type="text/javascript">
<!--
function flip(e) {
  current = e.style.display;
  if (current == 'block') {
    e.style.display = 'none';
    return 0;
  }
  else {
    e.style.display = 'block';
    return 1;
  }
}

function toggleBox(szDivId, elem, msg1, msg2)
{
  var res = -1;  if (document.getElementById) {
    res = flip(document.getElementById(szDivId));
  }
  else if (document.all) {
    // this is the way old msie versions work
    res = flip(document.all[szDivId]);
  }
  if(elem) {
    if(res == 0) elem.innerHTML = msg1; else elem.innerHTML = msg2;
  }

}

function toggleAllBoxes() {
  if (document.getElementsByTagName) {
    d = document.getElementsByTagName('div');
    for (i = 0; i < d.length; i++) {
      if (d[i].className == 'log') {
        flip(d[i]);
      }
    }
  }
}

// -->
</script>

</head>
<body>
<h2 align='center'>C:/Users/Rahul/Intellij/RiverIsland/src/test/java/CartModule/testcases</h2><table border='1' align="center">
<tr>
<td>Tests passed/Failed/Skipped:</td><td>17/1/0</td>
</tr><tr>
<td>Started on:</td><td>Wed May 01 01:55:14 IST 2024</td>
</tr>
<tr><td>Total time:</td><td>713 seconds (713919 ms)</td>
</tr><tr>
<td>Included groups:</td><td></td>
</tr><tr>
<td>Excluded groups:</td><td></td>
</tr>
</table><p/>
<small><i>(Hover the method name to see the test class name)</i></small><p/>
<table width='100%' border='1' class='invocation-failed'>
<tr><td colspan='4' align='center'><b>FAILED TESTS</b></td></tr>
<tr><td><b>Test method</b></td>
<td><b>Attribute(s)</b></td>
<td width="30%"><b>Exception</b></td>
<td width="10%"><b>Time (seconds)</b></td>
<td><b>Instance</b></td>
</tr>
<tr>
<td title='CartModule.testcases.HomepageToCart.homepageTOCart()'><b>homepageTOCart</b><br>Test class: CartModule.testcases.HomepageToCart</td>
<td><div><pre>org.openqa.selenium.NoSuchElementException: no such element: Unable to locate element: {&quot;method&quot;:&quot;css selector&quot;,&quot;selector&quot;:&quot;[title=&apos;VIEW BAG&apos;]&quot;}
  (Session info: chrome=124.0.6367.63)
For documentation on this error, please visit: https://www.selenium.dev/documentation/webdriver/troubleshooting/errors#no-such-element-exception
Build info: version: &apos;4.19.1&apos;, revision: &apos;abe0ee07dc&apos;
System info: os.name: &apos;Windows 11&apos;, os.arch: &apos;amd64&apos;, os.version: &apos;10.0&apos;, java.version: &apos;17.0.11&apos;
Driver info: org.openqa.selenium.chrome.ChromeDriver
Command: [c08437e7f42666f772e90a75832c2921, findElement {using=css selector, value=[title=&apos;VIEW BAG&apos;]}]
Capabilities {acceptInsecureCerts: false, browserName: chrome, browserVersion: 124.0.6367.63, chrome: {chromedriverVersion: 124.0.6367.91 (51df0e5e17a8..., userDataDir: C:\Users\Rahul\AppData\Loca...}, fedcm:accounts: true, goog:chromeOptions: {debuggerAddress: localhost:61600}, networkConnectionEnabled: false, pageLoadStrategy: normal, platformName: windows, proxy: Proxy(), se:cdp: ws://localhost:61600/devtoo..., se:cdpVersion: 124.0.6367.63, setWindowRect: true, strictFileInteractability: false, timeouts: {implicit: 0, pageLoad: 300000, script: 30000}, unhandledPromptBehavior: dismiss and notify, webauthn:extension:credBlob: true, webauthn:extension:largeBlob: true, webauthn:extension:minPinLength: true, webauthn:extension:prf: true, webauthn:virtualAuthenticators: true}
Session ID: c08437e7f42666f772e90a75832c2921
	at java.base/jdk.internal.reflect.NativeConstructorAccessorImpl.newInstance0(Native Method)
	at java.base/jdk.internal.reflect.NativeConstructorAccessorImpl.newInstance(NativeConstructorAccessorImpl.java:77)
	at java.base/jdk.internal.reflect.DelegatingConstructorAccessorImpl.newInstance(DelegatingConstructorAccessorImpl.java:45)
	at java.base/java.lang.reflect.Constructor.newInstanceWithCaller(Constructor.java:499)
	at java.base/java.lang.reflect.Constructor.newInstance(Constructor.java:480)
	at org.openqa.selenium.remote.ErrorCodec.decode(ErrorCodec.java:167)
	at org.openqa.selenium.remote.codec.w3c.W3CHttpResponseCodec.decode(W3CHttpResponseCodec.java:138)
	at org.openqa.selenium.remote.codec.w3c.W3CHttpResponseCodec.decode(W3CHttpResponseCodec.java:50)
	at org.openqa.selenium.remote.HttpCommandExecutor.execute(HttpCommandExecutor.java:190)
	at org.openqa.selenium.remote.service.DriverCommandExecutor.invokeExecute(DriverCommandExecutor.java:216)
	at org.openqa.selenium.remote.service.DriverCommandExecutor.execute(DriverCommandExecutor.java:174)
	at org.openqa.selenium.remote.RemoteWebDriver.execute(RemoteWebDriver.java:518)
	at org.openqa.selenium.remote.ElementLocation$ElementFinder$2.findElement(ElementLocation.java:165)
	at org.openqa.selenium.remote.ElementLocation.findElement(ElementLocation.java:59)
	at org.openqa.selenium.remote.RemoteWebDriver.findElement(RemoteWebDriver.java:355)
	at org.openqa.selenium.remote.RemoteWebDriver.findElement(RemoteWebDriver.java:349)
	at CartModule.pages.FromPagesToCart.homepageToCart(FromPagesToCart.java:56)
	at CartModule.testcases.HomepageToCart.homepageTOCart(HomepageToCart.java:29)
	at java.base/jdk.internal.reflect.NativeMethodAccessorImpl.invoke0(Native Method)
	at java.base/jdk.internal.reflect.NativeMethodAccessorImpl.invoke(NativeMethodAccessorImpl.java:77)
	at java.base/jdk.internal.reflect.DelegatingMethodAccessorImpl.invoke(DelegatingMethodAccessorImpl.java:43)
	at java.base/java.lang.reflect.Method.invoke(Method.java:568)
	at org.testng.internal.invokers.MethodInvocationHelper.invokeMethod(MethodInvocationHelper.java:141)
	at org.testng.internal.invokers.TestInvoker.invokeMethod(TestInvoker.java:686)
	at org.testng.internal.invokers.TestInvoker.invokeTestMethod(TestInvoker.java:230)
	at org.testng.internal.invokers.MethodRunner.runInSequence(MethodRunner.java:63)
	at org.testng.internal.invokers.TestInvoker$MethodInvocationAgent.invoke(TestInvoker.java:992)
	at org.testng.internal.invokers.TestInvoker.invokeTestMethods(TestInvoker.java:203)
	at org.testng.internal.invokers.TestMethodWorker.invokeTestMethods(TestMethodWorker.java:154)
	at org.testng.internal.invokers.TestMethodWorker.run(TestMethodWorker.java:134)
	at java.base/java.util.ArrayList.forEach(ArrayList.java:1511)
	at org.testng.TestRunner.privateRun(TestRunner.java:739)
	at org.testng.TestRunner.run(TestRunner.java:614)
	at org.testng.SuiteRunner.runTest(SuiteRunner.java:421)
	at org.testng.SuiteRunner.runSequentially(SuiteRunner.java:413)
	at org.testng.SuiteRunner.privateRun(SuiteRunner.java:373)
	at org.testng.SuiteRunner.run(SuiteRunner.java:312)
	at org.testng.SuiteRunnerWorker.runSuite(SuiteRunnerWorker.java:52)
	at org.testng.SuiteRunnerWorker.run(SuiteRunnerWorker.java:95)
	at org.testng.TestNG.runSuitesSequentially(TestNG.java:1274)
	at org.testng.TestNG.runSuitesLocally(TestNG.java:1208)
	at org.testng.TestNG.runSuites(TestNG.java:1112)
	at org.testng.TestNG.run(TestNG.java:1079)
	at com.intellij.rt.testng.IDEARemoteTestNG.run(IDEARemoteTestNG.java:66)
	at com.intellij.rt.testng.RemoteTestNGStarter.main(RemoteTestNGStarter.java:109)
</pre></div><a href='#' onClick='toggleBox("stack-trace679613617", this, "Click to show all stack frames", "Click to hide stack frames")'>Click to show all stack frames</a>
<div class='stack-trace' id='stack-trace679613617'><pre>org.openqa.selenium.NoSuchElementException: no such element: Unable to locate element: {&quot;method&quot;:&quot;css selector&quot;,&quot;selector&quot;:&quot;[title=&apos;VIEW BAG&apos;]&quot;}
  (Session info: chrome=124.0.6367.63)
For documentation on this error, please visit: https://www.selenium.dev/documentation/webdriver/troubleshooting/errors#no-such-element-exception
Build info: version: &apos;4.19.1&apos;, revision: &apos;abe0ee07dc&apos;
System info: os.name: &apos;Windows 11&apos;, os.arch: &apos;amd64&apos;, os.version: &apos;10.0&apos;, java.version: &apos;17.0.11&apos;
Driver info: org.openqa.selenium.chrome.ChromeDriver
Command: [c08437e7f42666f772e90a75832c2921, findElement {using=css selector, value=[title=&apos;VIEW BAG&apos;]}]
Capabilities {acceptInsecureCerts: false, browserName: chrome, browserVersion: 124.0.6367.63, chrome: {chromedriverVersion: 124.0.6367.91 (51df0e5e17a8..., userDataDir: C:\Users\Rahul\AppData\Loca...}, fedcm:accounts: true, goog:chromeOptions: {debuggerAddress: localhost:61600}, networkConnectionEnabled: false, pageLoadStrategy: normal, platformName: windows, proxy: Proxy(), se:cdp: ws://localhost:61600/devtoo..., se:cdpVersion: 124.0.6367.63, setWindowRect: true, strictFileInteractability: false, timeouts: {implicit: 0, pageLoad: 300000, script: 30000}, unhandledPromptBehavior: dismiss and notify, webauthn:extension:credBlob: true, webauthn:extension:largeBlob: true, webauthn:extension:minPinLength: true, webauthn:extension:prf: true, webauthn:virtualAuthenticators: true}
Session ID: c08437e7f42666f772e90a75832c2921
	at java.base/jdk.internal.reflect.NativeConstructorAccessorImpl.newInstance0(Native Method)
	at java.base/jdk.internal.reflect.NativeConstructorAccessorImpl.newInstance(NativeConstructorAccessorImpl.java:77)
	at java.base/jdk.internal.reflect.DelegatingConstructorAccessorImpl.newInstance(DelegatingConstructorAccessorImpl.java:45)
	at java.base/java.lang.reflect.Constructor.newInstanceWithCaller(Constructor.java:499)
	at java.base/java.lang.reflect.Constructor.newInstance(Constructor.java:480)
	at org.openqa.selenium.remote.ErrorCodec.decode(ErrorCodec.java:167)
	at org.openqa.selenium.remote.codec.w3c.W3CHttpResponseCodec.decode(W3CHttpResponseCodec.java:138)
	at org.openqa.selenium.remote.codec.w3c.W3CHttpResponseCodec.decode(W3CHttpResponseCodec.java:50)
	at org.openqa.selenium.remote.HttpCommandExecutor.execute(HttpCommandExecutor.java:190)
	at org.openqa.selenium.remote.service.DriverCommandExecutor.invokeExecute(DriverCommandExecutor.java:216)
	at org.openqa.selenium.remote.service.DriverCommandExecutor.execute(DriverCommandExecutor.java:174)
	at org.openqa.selenium.remote.RemoteWebDriver.execute(RemoteWebDriver.java:518)
	at org.openqa.selenium.remote.ElementLocation$ElementFinder$2.findElement(ElementLocation.java:165)
	at org.openqa.selenium.remote.ElementLocation.findElement(ElementLocation.java:59)
	at org.openqa.selenium.remote.RemoteWebDriver.findElement(RemoteWebDriver.java:355)
	at org.openqa.selenium.remote.RemoteWebDriver.findElement(RemoteWebDriver.java:349)
	at CartModule.pages.FromPagesToCart.homepageToCart(FromPagesToCart.java:56)
	at CartModule.testcases.HomepageToCart.homepageTOCart(HomepageToCart.java:29)
	at java.base/jdk.internal.reflect.NativeMethodAccessorImpl.invoke0(Native Method)
	at java.base/jdk.internal.reflect.NativeMethodAccessorImpl.invoke(NativeMethodAccessorImpl.java:77)
	at java.base/jdk.internal.reflect.DelegatingMethodAccessorImpl.invoke(DelegatingMethodAccessorImpl.java:43)
	at java.base/java.lang.reflect.Method.invoke(Method.java:568)
	at org.testng.internal.invokers.MethodInvocationHelper.invokeMethod(MethodInvocationHelper.java:141)
	at org.testng.internal.invokers.TestInvoker.invokeMethod(TestInvoker.java:686)
	at org.testng.internal.invokers.TestInvoker.invokeTestMethod(TestInvoker.java:230)
	at org.testng.internal.invokers.MethodRunner.runInSequence(MethodRunner.java:63)
	at org.testng.internal.invokers.TestInvoker$MethodInvocationAgent.invoke(TestInvoker.java:992)
	at org.testng.internal.invokers.TestInvoker.invokeTestMethods(TestInvoker.java:203)
	at org.testng.internal.invokers.TestMethodWorker.invokeTestMethods(TestMethodWorker.java:154)
	at org.testng.internal.invokers.TestMethodWorker.run(TestMethodWorker.java:134)
	at java.base/java.util.ArrayList.forEach(ArrayList.java:1511)
	at org.testng.TestRunner.privateRun(TestRunner.java:739)
	at org.testng.TestRunner.run(TestRunner.java:614)
	at org.testng.SuiteRunner.runTest(SuiteRunner.java:421)
	at org.testng.SuiteRunner.runSequentially(SuiteRunner.java:413)
	at org.testng.SuiteRunner.privateRun(SuiteRunner.java:373)
	at org.testng.SuiteRunner.run(SuiteRunner.java:312)
	at org.testng.SuiteRunnerWorker.runSuite(SuiteRunnerWorker.java:52)
	at org.testng.SuiteRunnerWorker.run(SuiteRunnerWorker.java:95)
	at org.testng.TestNG.runSuitesSequentially(TestNG.java:1274)
	at org.testng.TestNG.runSuitesLocally(TestNG.java:1208)
	at org.testng.TestNG.runSuites(TestNG.java:1112)
	at org.testng.TestNG.run(TestNG.java:1079)
	at com.intellij.rt.testng.IDEARemoteTestNG.run(IDEARemoteTestNG.java:66)
	at com.intellij.rt.testng.RemoteTestNGStarter.main(RemoteTestNGStarter.java:109)
</pre></div></td>
<td>27</td>
<td>CartModule.testcases.HomepageToCart@460d0a57</td></tr>
</table><p>
<table width='100%' border='1' class='invocation-passed'>
<tr><td colspan='4' align='center'><b>PASSED TESTS</b></td></tr>
<tr><td><b>Test method</b></td>
<td><b>Attribute(s)</b></td>
<td width="30%"><b>Exception</b></td>
<td width="10%"><b>Time (seconds)</b></td>
<td><b>Instance</b></td>
</tr>
<tr>
<td title='CartModule.testcases.AccurateDetailsTestCase.accurateDetails()'><b>accurateDetails</b><br>Test class: CartModule.testcases.AccurateDetailsTestCase</td>
<td></td>
<td>113</td>
<td>CartModule.testcases.AccurateDetailsTestCase@36c88a32</td></tr>
<tr>
<td title='CartModule.testcases.AddProductFromGirlsPage.addProductFromGirlsPage()'><b>addProductFromGirlsPage</b><br>Test class: CartModule.testcases.AddProductFromGirlsPage</td>
<td></td>
<td>41</td>
<td>CartModule.testcases.AddProductFromGirlsPage@79b06cab</td></tr>
<tr>
<td title='CartModule.testcases.RemoveProductFromCart.removeProductFromCart()'><b>removeProductFromCart</b><br>Test class: CartModule.testcases.RemoveProductFromCart</td>
<td></td>
<td>23</td>
<td>CartModule.testcases.RemoveProductFromCart@ef9296d</td></tr>
<tr>
<td title='CartModule.testcases.GirlsPageToCart.girlsPageToCart()'><b>girlsPageToCart</b><br>Test class: CartModule.testcases.GirlsPageToCart</td>
<td></td>
<td>25</td>
<td>CartModule.testcases.GirlsPageToCart@3aefe5e5</td></tr>
<tr>
<td title='CartModule.testcases.BoysPageToCart.boysPageToCart()'><b>boysPageToCart</b><br>Test class: CartModule.testcases.BoysPageToCart</td>
<td></td>
<td>27</td>
<td>CartModule.testcases.BoysPageToCart@149e0f5d</td></tr>
<tr>
<td title='CartModule.testcases.AddProductFromMenPage.addProductFromMenPage()'><b>addProductFromMenPage</b><br>Test class: CartModule.testcases.AddProductFromMenPage</td>
<td></td>
<td>35</td>
<td>CartModule.testcases.AddProductFromMenPage@6d2a209c</td></tr>
<tr>
<td title='CartModule.testcases.HolidayShopPageToCart.holidayShopPageToCart()'><b>holidayShopPageToCart</b><br>Test class: CartModule.testcases.HolidayShopPageToCart</td>
<td></td>
<td>31</td>
<td>CartModule.testcases.HolidayShopPageToCart@1b1473ab</td></tr>
<tr>
<td title='CartModule.testcases.AddProductFromWomenPage.addProductFromWomenPage()'><b>addProductFromWomenPage</b><br>Test class: CartModule.testcases.AddProductFromWomenPage</td>
<td></td>
<td>35</td>
<td>CartModule.testcases.AddProductFromWomenPage@12e61fe6</td></tr>
<tr>
<td title='CartModule.testcases.AddProductFromBoysPage.addProductFromBoysPage()'><b>addProductFromBoysPage</b><br>Test class: CartModule.testcases.AddProductFromBoysPage</td>
<td></td>
<td>36</td>
<td>CartModule.testcases.AddProductFromBoysPage@3eb7fc54</td></tr>
<tr>
<td title='CartModule.testcases.MenPageToCart.menPageToCart()'><b>menPageToCart</b><br>Test class: CartModule.testcases.MenPageToCart</td>
<td></td>
<td>23</td>
<td>CartModule.testcases.MenPageToCart@1184ab05</td></tr>
<tr>
<td title='CartModule.testcases.IncreaseProductQuantity.increaseProductQuantity()'><b>increaseProductQuantity</b><br>Test class: CartModule.testcases.IncreaseProductQuantity</td>
<td></td>
<td>24</td>
<td>CartModule.testcases.IncreaseProductQuantity@6af93788</td></tr>
<tr>
<td title='CartModule.testcases.JeansPageToCart.jeansPageToCart()'><b>jeansPageToCart</b><br>Test class: CartModule.testcases.JeansPageToCart</td>
<td></td>
<td>29</td>
<td>CartModule.testcases.JeansPageToCart@2f7c2f4f</td></tr>
<tr>
<td title='CartModule.testcases.AddProductFromHolidaysPage.addProductFromHolidaysPage()'><b>addProductFromHolidaysPage</b><br>Test class: CartModule.testcases.AddProductFromHolidaysPage</td>
<td></td>
<td>31</td>
<td>CartModule.testcases.AddProductFromHolidaysPage@7f552bd3</td></tr>
<tr>
<td title='CartModule.testcases.CheckoutPage.checkoutPage()'><b>checkoutPage</b><br>Test class: CartModule.testcases.CheckoutPage</td>
<td></td>
<td>35</td>
<td>CartModule.testcases.CheckoutPage@5be6e01c</td></tr>
<tr>
<td title='CartModule.testcases.AddProductFromJeansPage.addProductFromJeansPage()'><b>addProductFromJeansPage</b><br>Test class: CartModule.testcases.AddProductFromJeansPage</td>
<td></td>
<td>32</td>
<td>CartModule.testcases.AddProductFromJeansPage@3c22fc4c</td></tr>
<tr>
<td title='CartModule.testcases.LogoutAndLogInTestCase.logoutAndLogInMethod()'><b>logoutAndLogInMethod</b><br>Test class: CartModule.testcases.LogoutAndLogInTestCase</td>
<td></td>
<td>56</td>
<td>CartModule.testcases.LogoutAndLogInTestCase@7880cdf3</td></tr>
<tr>
<td title='CartModule.testcases.WomenPageToCart.womenPageToCart()'><b>womenPageToCart</b><br>Test class: CartModule.testcases.WomenPageToCart</td>
<td></td>
<td>24</td>
<td>CartModule.testcases.WomenPageToCart@47d90b9e</td></tr>
</table><p>
</body>
</html>